  ix.cpp
  glDraw.cpp
  vkDraw.cpp
  bone.cpp
  camera.cpp
  glObject.cpp
  gloShader.cpp
  light.cpp
  material.cpp
  mesh3D.cpp
  print.cpp
  resource.cpp
  shaderSys.cpp
  texSys.cpp
  texture.cpp
  ixVulkan.cpp
  common.cpp
  fileTEX.cpp
  ixConsole.cpp
  button.cpp
  dropList.cpp
  Compiling...
  edit.cpp
  eventSys.cpp
  menu.cpp
  progressBar.cpp
  radioButton.cpp
  scroll.cpp
  static.cpp
  style.cpp
  txtShared.cpp
  winBase.cpp
  window.cpp
  winSys.cpp
  ix.vcxproj -> C:\alec\dev\ix\vstudio\/../lib/ix.vk.win64.lib
