  ix.cpp
  glDraw.cpp
  vkDraw.cpp
  bone.cpp
  camera.cpp
  glObject.cpp
  gloShader.cpp
  light.cpp
  material.cpp
  mesh3D.cpp
C:\alec\dev\ix\GFX\mesh3D.cpp(125,9): warning C4101: 'word2': unreferenced local variable
C:\alec\dev\ix\GFX\mesh3D.cpp(127,9): warning C4101: 'word4': unreferenced local variable
C:\alec\dev\ix\GFX\mesh3D.cpp(126,9): warning C4101: 'word3': unreferenced local variable
C:\alec\dev\ix\GFX\mesh3D.cpp(124,9): warning C4101: 'word1': unreferenced local variable
  object.cpp
  print.cpp
  resource.cpp
  shaderSys.cpp
  texStream.cpp
  texSys.cpp
  texture.cpp
  ixVulkan.cpp
  common.cpp
C:\alec\dev\ix\util\common.cpp(44,12): warning C4018: '<': signed/unsigned mismatch
  fileTEX.cpp
  ixConsole.cpp
  Compiling...
  button.cpp
  dropList.cpp
  edit.cpp
  eventSys.cpp
  menu.cpp
  progressBar.cpp
  radioButton.cpp
  scroll.cpp
  static.cpp
  style.cpp
  txtShared.cpp
  winBase.cpp
  window.cpp
  winSys.cpp
  ix.vcxproj -> C:\alec\dev\ix\lib\ix.win64.lib
