c:\alec\dev\ix\vstudio\build\vkdebug-x64\ix.pdb
c:\alec\dev\ix\vstudio\build\vkdebug-x64\ix.idb
c:\alec\dev\ix\vstudio\build\vkdebug-x64\texsys.obj
c:\alec\dev\ix\vstudio\build\vkdebug-x64\material.obj
c:\alec\dev\ix\vstudio\build\vkdebug-x64\ixvulkan.obj
c:\alec\dev\ix\vstudio\build\vkdebug-x64\texstream.obj
c:\alec\dev\ix\vstudio\build\vkdebug-x64\print.obj
c:\alec\dev\ix\vstudio\build\vkdebug-x64\window.obj
c:\alec\dev\ix\vstudio\build\vkdebug-x64\filemat.obj
c:\alec\dev\ix\vstudio\build\vkdebug-x64\texture.obj
c:\alec\dev\ix\vstudio\build\vkdebug-x64\mesh3d.obj
c:\alec\dev\ix\vstudio\build\vkdebug-x64\bone.obj
c:\alec\dev\ix\vstudio\build\vkdebug-x64\gldraw.obj
c:\alec\dev\ix\vstudio\build\vkdebug-x64\ix.vk.win64.dbg.pch
c:\alec\dev\ix\vstudio\build\vkdebug-x64\ix.obj
c:\alec\dev\ix\vstudio\build\vkdebug-x64\filei3d.obj
c:\alec\dev\ix\vstudio\build\vkdebug-x64\common.obj
c:\alec\dev\ix\vstudio\build\vkdebug-x64\vkdraw.obj
c:\alec\dev\ix\vstudio\build\vkdebug-x64\shadersys.obj
c:\alec\dev\ix\vstudio\build\vkdebug-x64\resource.obj
c:\alec\dev\ix\vstudio\build\vkdebug-x64\object.obj
c:\alec\dev\ix\vstudio\build\vkdebug-x64\light.obj
c:\alec\dev\ix\vstudio\build\vkdebug-x64\gloshader.obj
c:\alec\dev\ix\vstudio\build\vkdebug-x64\globject.obj
c:\alec\dev\ix\vstudio\build\vkdebug-x64\camera.obj
c:\alec\dev\ix\vstudio\build\vkdebug-x64\winsys.obj
c:\alec\dev\ix\vstudio\build\vkdebug-x64\winbase.obj
c:\alec\dev\ix\vstudio\build\vkdebug-x64\txtshared.obj
c:\alec\dev\ix\vstudio\build\vkdebug-x64\style.obj
c:\alec\dev\ix\vstudio\build\vkdebug-x64\static.obj
c:\alec\dev\ix\vstudio\build\vkdebug-x64\scroll.obj
c:\alec\dev\ix\vstudio\build\vkdebug-x64\radiobutton.obj
c:\alec\dev\ix\vstudio\build\vkdebug-x64\progressbar.obj
c:\alec\dev\ix\vstudio\build\vkdebug-x64\menu.obj
c:\alec\dev\ix\vstudio\build\vkdebug-x64\eventsys.obj
c:\alec\dev\ix\vstudio\build\vkdebug-x64\edit.obj
c:\alec\dev\ix\vstudio\build\vkdebug-x64\droplist.obj
c:\alec\dev\ix\vstudio\build\vkdebug-x64\button.obj
c:\alec\dev\ix\vstudio\build\vkdebug-x64\ixconsole.obj
c:\alec\dev\ix\vstudio\build\vkdebug-x64\filetex.obj
c:\alec\dev\ix\vstudio\build\vkdebug-x64\fileobj.obj
c:\alec\dev\ix\lib\ix.vk.win64.dbg.lib
c:\alec\dev\ix\vstudio\build\vkdebug-x64\ixvulkan.obj.enc
c:\alec\dev\ix\vstudio\build\vkdebug-x64\ix.tlog\cl.command.1.tlog
c:\alec\dev\ix\vstudio\build\vkdebug-x64\ix.tlog\cl.read.1.tlog
c:\alec\dev\ix\vstudio\build\vkdebug-x64\ix.tlog\cl.write.1.tlog
c:\alec\dev\ix\vstudio\build\vkdebug-x64\ix.tlog\lib-link.read.1.tlog
c:\alec\dev\ix\vstudio\build\vkdebug-x64\ix.tlog\lib-link.write.1.tlog
c:\alec\dev\ix\vstudio\build\vkdebug-x64\ix.tlog\lib.command.1.tlog
